0 info it worked if it ends with ok
1 verbose cli [ '/Users/richardhunter/.nvm/versions/node/v6.5.0/bin/node',
1 verbose cli   '/Users/richardhunter/.nvm/versions/node/v6.5.0/bin/npm',
1 verbose cli   'run',
1 verbose cli   'karma' ]
2 info using npm@3.10.3
3 info using node@v6.5.0
4 verbose run-script [ 'prekarma', 'karma', 'postkarma' ]
5 info lifecycle di@1.0.0~prekarma: di@1.0.0
6 silly lifecycle di@1.0.0~prekarma: no script for prekarma, continuing
7 info lifecycle di@1.0.0~karma: di@1.0.0
8 verbose lifecycle di@1.0.0~karma: unsafe-perm in lifecycle true
9 verbose lifecycle di@1.0.0~karma: PATH: /Users/richardhunter/.nvm/versions/node/v6.5.0/lib/node_modules/npm/bin/node-gyp-bin:/Users/richardhunter/development/backbone-experiments/di/node_modules/.bin:/Users/richardhunter/.nvm/versions/node/v6.5.0/bin:/Users/richardhunter/.nvm/versions/node/v6.5.0/bin:/usr/local/var/rbenv/shims:/usr/local/sbin:/usr/local/bin:/usr/bin:/bin:/usr/sbin:/sbin:/Users/richardhunter/Library/Android/sdk/platform-tools
10 verbose lifecycle di@1.0.0~karma: CWD: /Users/richardhunter/development/backbone-experiments/di
11 silly lifecycle di@1.0.0~karma: Args: [ '-c', 'karma start' ]
12 silly lifecycle di@1.0.0~karma: Returned: code: 1  signal: null
13 info lifecycle di@1.0.0~karma: Failed to exec karma script
14 verbose stack Error: di@1.0.0 karma: `karma start`
14 verbose stack Exit status 1
14 verbose stack     at EventEmitter.<anonymous> (/Users/richardhunter/.nvm/versions/node/v6.5.0/lib/node_modules/npm/lib/utils/lifecycle.js:242:16)
14 verbose stack     at emitTwo (events.js:106:13)
14 verbose stack     at EventEmitter.emit (events.js:191:7)
14 verbose stack     at ChildProcess.<anonymous> (/Users/richardhunter/.nvm/versions/node/v6.5.0/lib/node_modules/npm/lib/utils/spawn.js:40:14)
14 verbose stack     at emitTwo (events.js:106:13)
14 verbose stack     at ChildProcess.emit (events.js:191:7)
14 verbose stack     at maybeClose (internal/child_process.js:877:16)
14 verbose stack     at Process.ChildProcess._handle.onexit (internal/child_process.js:226:5)
15 verbose pkgid di@1.0.0
16 verbose cwd /Users/richardhunter/development/backbone-experiments/di
17 error Darwin 15.4.0
18 error argv "/Users/richardhunter/.nvm/versions/node/v6.5.0/bin/node" "/Users/richardhunter/.nvm/versions/node/v6.5.0/bin/npm" "run" "karma"
19 error node v6.5.0
20 error npm  v3.10.3
21 error code ELIFECYCLE
22 error di@1.0.0 karma: `karma start`
22 error Exit status 1
23 error Failed at the di@1.0.0 karma script 'karma start'.
23 error Make sure you have the latest version of node.js and npm installed.
23 error If you do, this is most likely a problem with the di package,
23 error not with npm itself.
23 error Tell the author that this fails on your system:
23 error     karma start
23 error You can get information on how to open an issue for this project with:
23 error     npm bugs di
23 error Or if that isn't available, you can get their info via:
23 error     npm owner ls di
23 error There is likely additional logging output above.
24 verbose exit [ 1, true ]
